\BOOKMARK [1][-]{section.1}{Introduction}{}% 1
\BOOKMARK [2][-]{subsection.1.1}{Purpose}{section.1}% 2
\BOOKMARK [2][-]{subsection.1.2}{Scope}{section.1}% 3
\BOOKMARK [2][-]{subsection.1.3}{Overview}{section.1}% 4
\BOOKMARK [2][-]{subsection.1.4}{Definitions, Acronyms, and Abbreviations}{section.1}% 5
\BOOKMARK [2][-]{subsection.1.5}{Reference Material}{section.1}% 6
\BOOKMARK [1][-]{section.2}{System Overview}{}% 7
\BOOKMARK [1][-]{section.3}{System Architecture}{}% 8
\BOOKMARK [2][-]{subsection.3.1}{Architectural Design}{section.3}% 9
\BOOKMARK [2][-]{subsection.3.2}{Decomposition Description}{section.3}% 10
\BOOKMARK [2][-]{subsection.3.3}{Decomposition Description Continued...}{section.3}% 11
\BOOKMARK [2][-]{subsection.3.4}{Design Rationale}{section.3}% 12
\BOOKMARK [1][-]{section.4}{Data Design}{}% 13
\BOOKMARK [1][-]{section.5}{Component Design}{}% 14
\BOOKMARK [2][-]{subsection.5.1}{SOCMBridge}{section.5}% 15
\BOOKMARK [2][-]{subsection.5.2}{SOCMTable}{section.5}% 16
\BOOKMARK [2][-]{subsection.5.3}{CurvePlot}{section.5}% 17
\BOOKMARK [2][-]{subsection.5.4}{ParamSlider}{section.5}% 18
\BOOKMARK [2][-]{subsection.5.5}{ChiChart}{section.5}% 19
\BOOKMARK [2][-]{subsection.5.6}{SVGSave}{section.5}% 20
\BOOKMARK [2][-]{subsection.5.7}{GalacticModel}{section.5}% 21
\BOOKMARK [2][-]{subsection.5.8}{Bulge}{section.5}% 22
\BOOKMARK [2][-]{subsection.5.9}{ParamsDict}{section.5}% 23
\BOOKMARK [2][-]{subsection.5.10}{Param}{section.5}% 24
\BOOKMARK [2][-]{subsection.5.11}{Constants}{section.5}% 25
\BOOKMARK [2][-]{subsection.5.12}{Conversion}{section.5}% 26
\BOOKMARK [2][-]{subsection.5.13}{LatexEquation}{section.5}% 27
\BOOKMARK [2][-]{subsection.5.14}{RoCS}{section.5}% 28
\BOOKMARK [1][-]{section.6}{Human Interface Design}{}% 29
\BOOKMARK [2][-]{subsection.6.1}{Overview of User Interface}{section.6}% 30
\BOOKMARK [2][-]{subsection.6.2}{Screen Images}{section.6}% 31
\BOOKMARK [3][-]{subsubsection.6.2.1}{Scholarly Observed Celestial Measurements Table \(SOCM Table\)}{subsection.6.2}% 32
\BOOKMARK [3][-]{subsubsection.6.2.2}{Rotation Curve Modeler \(RoCM\) Web Page}{subsection.6.2}% 33
\BOOKMARK [3][-]{subsubsection.6.2.3}{Latex Equation Viewer}{subsection.6.2}% 34
\BOOKMARK [3][-]{subsubsection.6.2.4}{Rotation Curve Simulation \(RoCS\) Web Page}{subsection.6.2}% 35
